<!--
  ~ Copyright (c) 2016. Sten Martinez
  ~
  ~ This program is free software; you can redistribute it and/or modify
  ~ it under the terms of the GNU General Public License as published by
  ~ the Free Software Foundation; either version 2 of the License, or
  ~ (at your option) any later version.
  ~
  ~ This program is distributed in the hope that it will be useful,
  ~ but WITHOUT ANY WARRANTY; without even the implied warranty of
  ~ MERCHANTABILITY or FITNESS FOR A PARTICULAR PURPOSE.  See the
  ~ GNU General Public License for more details.
  ~
  ~ You should have received a copy of the GNU General Public License along
  ~ with this program; if not, write to the Free Software Foundation, Inc.,
  ~ 51 Franklin Street, Fifth Floor, Boston, MA 02110-1301 USA.
  -->

<beans xmlns="http://www.springframework.org/schema/beans"
       xmlns:xsi="http://www.w3.org/2001/XMLSchema-instance"
       xmlns:aop="http://www.springframework.org/schema/aop"
       xmlns:tx="http://www.springframework.org/schema/tx"
       xmlns:context="http://www.springframework.org/schema/context"
       xmlns:util="http://www.springframework.org/schema/util" xmlns:jdbc="http://www.springframework.org/schema/jdbc"
       xsi:schemaLocation="http://www.springframework.org/schema/beans
        http://www.springframework.org/schema/beans/spring-beans.xsd
        http://www.springframework.org/schema/tx
        http://www.springframework.org/schema/tx/spring-tx.xsd
        http://www.springframework.org/schema/aop
        http://www.springframework.org/schema/aop/spring-aop.xsd
        http://www.springframework.org/schema/context
        http://www.springframework.org/schema/context/spring-context.xsd http://www.springframework.org/schema/util http://www.springframework.org/schema/util/spring-util.xsd http://www.springframework.org/schema/jdbc http://www.springframework.org/schema/jdbc/spring-jdbc.xsd">
    <jdbc:embedded-database id="dataSource" type="DERBY">
        <jdbc:script location="classpath:sql/test-schema-derby.sql"/>
        <jdbc:script location="classpath:sql/schema-derby.sql"/>
<!--        <jdbc:script location="classpath:sql/data-derby.sql"/>-->
        <jdbc:script location="classpath:sql/test-data-derby.sql"/>
    </jdbc:embedded-database>

    <bean id="testNewsDatabase" class="net.longfalcon.newsj.nntp.client.MockNewsServer" init-method="init">
        <property name="dataFileLocations" value="classpath:data/news-data.xml"/>
    </bean>
    <bean id="nntpConnectionFactory" class="net.longfalcon.newsj.mock.news.MockNntpConnectionFactory">
        <property name="newsServer" ref="testNewsDatabase"/>
    </bean>
    <bean id="scheduler" class="net.longfalcon.newsj.mock.quartz.MockScheduler">
    </bean>
</beans>